2022-12-11T14:54:55.799Z - normal: Load ~/.CocosCreator/settings.json
2022-12-11T14:54:55.831Z - normal: Initializing Asset Database
2022-12-11T14:54:55.834Z - normal: checking language setting...
2022-12-11T14:54:55.834Z - normal: Language: en
2022-12-11T14:54:56.361Z - success: protocol editor-framework registered
2022-12-11T14:54:56.361Z - success: protocol app registered
2022-12-11T14:54:56.361Z - success: protocol theme registered
2022-12-11T14:54:56.362Z - success: protocol packages registered
2022-12-11T14:54:56.362Z - success: protocol uuid registerred
2022-12-11T14:54:56.362Z - success: protocol db registerred
2022-12-11T14:54:56.362Z - success: protocol thumbnail registerred
2022-12-11T14:54:56.362Z - success: protocol unpack registerred
2022-12-11T14:54:56.362Z - success: protocol disable-commonjs registerred
2022-12-11T14:54:57.376Z - normal: connected!
2022-12-11T14:54:57.378Z - normal: Check project /Users/swift/Documents/GitHub/VTP
2022-12-11T14:54:57.380Z - normal: Initializing project /Users/swift/Documents/GitHub/VTP
2022-12-11T14:54:57.523Z - success: adapters loaded
2022-12-11T14:54:57.527Z - success: asset-db-debugger loaded
2022-12-11T14:54:57.562Z - success: fb-audience-network loaded
2022-12-11T14:54:57.583Z - success: fb-live-stream loaded
2022-12-11T14:54:57.585Z - success: google-play-instant loaded
2022-12-11T14:54:57.585Z - success: jsb-adapter loaded
2022-12-11T14:54:57.588Z - success: package-manager loaded
2022-12-11T14:54:57.588Z - success: runtime-adapters loaded
2022-12-11T14:54:57.589Z - success: runtime-dev-tools loaded
2022-12-11T14:54:57.591Z - success: ui-kit-preview-extra loaded
2022-12-11T14:54:57.592Z - success: ui-kit-preview loaded
2022-12-11T14:54:57.622Z - success: alipay-minigame loaded
2022-12-11T14:54:57.675Z - success: assets loaded
2022-12-11T14:54:57.677Z - success: baidugame-opendata loaded
2022-12-11T14:54:57.678Z - success: baidugame loaded
2022-12-11T14:54:57.680Z - success: builder loaded
2022-12-11T14:54:57.681Z - success: bytedance-opendata loaded
2022-12-11T14:54:57.682Z - success: bytedance loaded
2022-12-11T14:54:57.683Z - success: channel-upload-tools loaded
2022-12-11T14:54:57.685Z - success: cloud-function loaded
2022-12-11T14:54:57.788Z - success: cocos-services loaded
2022-12-11T14:54:57.791Z - success: console loaded
2022-12-11T14:54:57.792Z - success: curve-editor loaded
2022-12-11T14:54:57.798Z - success: fb-instant-games loaded
2022-12-11T14:54:57.800Z - success: game-window loaded
2022-12-11T14:54:57.800Z - success: google-instant-games loaded
2022-12-11T14:54:57.802Z - success: hierarchy loaded
2022-12-11T14:54:57.804Z - success: huawei-agc loaded
2022-12-11T14:54:57.807Z - success: huawei-runtime loaded
2022-12-11T14:54:57.811Z - success: inspector loaded
2022-12-11T14:54:57.819Z - success: cpk-publish loaded
2022-12-11T14:54:57.819Z - success: keystore loaded
2022-12-11T14:54:57.826Z - success: link-sure-runtime loaded
2022-12-11T14:54:57.832Z - success: node-library loaded
2022-12-11T14:54:57.832Z - success: open-recent-items loaded
2022-12-11T14:54:57.834Z - success: oppo-runtime loaded
2022-12-11T14:54:57.835Z - success: package-asset loaded
2022-12-11T14:54:57.835Z - success: preferences loaded
2022-12-11T14:54:57.837Z - success: project-importer loaded
2022-12-11T14:54:57.838Z - success: project-settings loaded
2022-12-11T14:54:57.848Z - success: qtt-runtime loaded
2022-12-11T14:54:57.851Z - success: scene loaded
2022-12-11T14:54:57.851Z - success: simulator-debugger loaded
2022-12-11T14:54:57.852Z - success: sprite-editor loaded
2022-12-11T14:54:57.870Z - success: store loaded
2022-12-11T14:54:57.872Z - success: timeline loaded
2022-12-11T14:54:57.874Z - success: vivo-runtime loaded
2022-12-11T14:54:57.875Z - success: wechatgame-opendata loaded
2022-12-11T14:54:57.877Z - success: wechatgame loaded
2022-12-11T14:54:57.878Z - success: xiaomi-runtime loaded
2022-12-11T14:54:57.919Z - success: im-plugin loaded
2022-12-11T14:54:57.922Z - success: preview server running at http://localhost:7456
2022-12-11T14:54:59.083Z - normal: Initializing Cocos2d
2022-12-11T14:54:59.295Z - normal: Initializing engine extends
2022-12-11T14:55:00.048Z - error: Can not find texture "VDS.png" for atlas "/Users/swift/Documents/GitHub/VTP/assets/textures/animation/VDS.atlas.txt"
    at TextureParser.load (/Applications/CocosCreator/Creator/2.4.4/Creator/2.4.4/CocosCreator.app/Contents/Resources/engine/extensions/spine/editor/spine-meta.js:102:20)
    at TextureAtlas.load (/Applications/CocosCreator/Creator/2.4.4/Creator/2.4.4/CocosCreator.app/Contents/Resources/engine/extensions/spine/lib/spine.js:6624:36)
    at new TextureAtlas (/Applications/CocosCreator/Creator/2.4.4/Creator/2.4.4/CocosCreator.app/Contents/Resources/engine/extensions/spine/lib/spine.js:6589:18)
    at /Applications/CocosCreator/Creator/2.4.4/Creator/2.4.4/CocosCreator.app/Contents/Resources/engine/extensions/spine/editor/spine-meta.js:184:17
    at /Applications/CocosCreator/Creator/2.4.4/Creator/2.4.4/CocosCreator.app/Contents/Resources/engine/extensions/spine/editor/spine-meta.js:70:13
    at /Applications/CocosCreator/Creator/2.4.4/Creator/2.4.4/CocosCreator.app/Contents/Resources/app.asar/node_modules/graceful-fs/graceful-fs.js:123:16
    at FSReqCallback.readFileAfterClose [as oncomplete] (internal/fs/read_file_context.js:54:3)
2022-12-11T14:55:00.049Z - failed: [db-task][init] Failed to post import asset /Users/swift/Documents/GitHub/VTP/assets/textures/animation/VDS.json, message: Error: Failed to load atlas file: "/Users/swift/Documents/GitHub/VTP/assets/textures/animation/VDS.atlas.txt". TypeError: Cannot read property 'setFilters' of null
    at TextureAtlas.load (/Applications/CocosCreator/Creator/2.4.4/Creator/2.4.4/CocosCreator.app/Contents/Resources/engine/extensions/spine/lib/spine.js:6625:34)
    at new TextureAtlas (/Applications/CocosCreator/Creator/2.4.4/Creator/2.4.4/CocosCreator.app/Contents/Resources/engine/extensions/spine/lib/spine.js:6589:18)
    at /Applications/CocosCreator/Creator/2.4.4/Creator/2.4.4/CocosCreator.app/Contents/Resources/engine/extensions/spine/editor/spine-meta.js:184:17
    at /Applications/CocosCreator/Creator/2.4.4/Creator/2.4.4/CocosCreator.app/Contents/Resources/engine/extensions/spine/editor/spine-meta.js:70:13
    at /Applications/CocosCreator/Creator/2.4.4/Creator/2.4.4/CocosCreator.app/Contents/Resources/app.asar/node_modules/graceful-fs/graceful-fs.js:123:16
    at FSReqCallback.readFileAfterClose [as oncomplete] (internal/fs/read_file_context.js:54:3)
    at /Applications/CocosCreator/Creator/2.4.4/Creator/2.4.4/CocosCreator.app/Contents/Resources/engine/extensions/spine/editor/spine-meta.js:187:27
    at /Applications/CocosCreator/Creator/2.4.4/Creator/2.4.4/CocosCreator.app/Contents/Resources/engine/extensions/spine/editor/spine-meta.js:70:13
    at /Applications/CocosCreator/Creator/2.4.4/Creator/2.4.4/CocosCreator.app/Contents/Resources/app.asar/node_modules/graceful-fs/graceful-fs.js:123:16
    at FSReqCallback.readFileAfterClose [as oncomplete] (internal/fs/read_file_context.js:54:3)
2022-12-11T14:55:02.347Z - info: Cocos Service load base data!
2022-12-11T14:55:02.348Z - normal: Loading packages
2022-12-11T14:55:02.352Z - normal: Watching packages
2022-12-11T14:55:02.423Z - normal: Run Application
2022-12-11T14:55:06.381Z - warn: Should not specify class name Page for Component which defines in project.
2022-12-11T14:55:06.492Z - warn: this._super declared in 'PopupBuyTurn.onStateChange' but no super method defined
2022-12-11T14:55:06.492Z - warn: this._super declared in 'PopupBuyTurn.onEnable' but no super method defined
2022-12-11T14:55:06.492Z - warn: this._super declared in 'PopupBuyTurn.onDisable' but no super method defined
2022-12-11T14:55:06.492Z - warn: this._super declared in 'PopupBuyTurn.onDestroy' but no super method defined
2022-12-11T14:55:06.492Z - warn: The type of "PopupBuyTurn.placeHolder" must be cc.String, not String.
2022-12-11T14:55:06.493Z - warn: this._super declared in 'PageBuyTurn.onStateChange' but no super method defined
2022-12-11T14:55:06.493Z - warn: this._super declared in 'PageBuyTurn.onDestroy' but no super method defined
2022-12-11T14:55:06.493Z - warn: this._super declared in 'PageCollections.onStateChange' but no super method defined
2022-12-11T14:55:06.493Z - warn: this._super declared in 'PageCollections.onDestroy' but no super method defined
2022-12-11T14:55:06.494Z - warn: this._super declared in 'PageGuiTietKiem.onStateChange' but no super method defined
2022-12-11T14:55:06.494Z - warn: this._super declared in 'PageGuiTietKiem.onEnable' but no super method defined
2022-12-11T14:55:06.494Z - warn: this._super declared in 'PageGuiTietKiem.onDestroy' but no super method defined
2022-12-11T14:55:06.512Z - warn: this._super declared in 'CompQuestsContainer.onEnable' but no super method defined
2022-12-11T14:55:06.512Z - warn: this._super declared in 'CompQuestsContainer.onDisable' but no super method defined
2022-12-11T14:55:06.512Z - warn: this._super declared in 'CompQuestsContainer.onDestroy' but no super method defined
2022-12-11T14:55:06.513Z - warn: this._super declared in 'RewardPopupsMgr.onStateChange' but no super method defined
2022-12-11T14:55:06.514Z - warn: this._super declared in 'RewardPopupsMgr.onEnable' but no super method defined
2022-12-11T14:55:06.514Z - warn: this._super declared in 'RewardPopupsMgr.onDisable' but no super method defined
2022-12-11T14:55:06.514Z - warn: this._super declared in 'RewardPopupsMgr.onDestroy' but no super method defined
2022-12-11T14:55:06.514Z - warn: The type of "PopupDailyLogin.coinAndTicketTxtPlaceholder" must be cc.String, not String.
2022-12-11T14:55:06.514Z - warn: The type of "PopupDailyLogin.descriptionTxtPlaceholder" must be cc.String, not String.
2022-12-11T14:55:06.518Z - warn: The type of "PathFollowObject.delay" must be cc.Float or cc.Integer, not Number.
2022-12-11T14:55:06.519Z - warn: The type of "GiftsMgr.numbOfGifts" must be cc.Float or cc.Integer, not Number.
2022-12-11T14:55:06.519Z - warn: this._super declared in 'PageHome.onEnable' but no super method defined
2022-12-11T14:55:06.519Z - warn: this._super declared in 'PageHome.onDestroy' but no super method defined
2022-12-11T14:55:06.526Z - warn: this._super declared in 'PopupReward.onStateChange' but no super method defined
2022-12-11T14:55:06.526Z - warn: this._super declared in 'PopupReward.onDestroy' but no super method defined
2022-12-11T14:55:06.527Z - warn: this._super declared in 'PageInventory.onStateChange' but no super method defined
2022-12-11T14:55:06.527Z - warn: this._super declared in 'PageInventory.onEnable' but no super method defined
2022-12-11T14:55:06.527Z - warn: this._super declared in 'PageInventory.onDestroy' but no super method defined
2022-12-11T14:55:06.527Z - warn: this._super declared in 'PageLeaderboard.onStateChange' but no super method defined
2022-12-11T14:55:06.528Z - warn: this._super declared in 'PageLeaderboard.onDestroy' but no super method defined
2022-12-11T14:55:06.528Z - warn: this._super declared in 'PageMgr.onEnable' but no super method defined
2022-12-11T14:55:06.528Z - warn: this._super declared in 'PageMgr.onDisable' but no super method defined
2022-12-11T14:55:06.529Z - warn: this._super declared in 'PageMgr.onDestroy' but no super method defined
2022-12-11T14:55:06.529Z - warn: this._super declared in 'PagePaynow.onStateChange' but no super method defined
2022-12-11T14:55:06.529Z - warn: this._super declared in 'PagePaynow.onEnable' but no super method defined
2022-12-11T14:55:06.529Z - warn: this._super declared in 'PagePaynow.onDestroy' but no super method defined
2022-12-11T14:55:06.530Z - warn: this._super declared in 'PageRules.onStateChange' but no super method defined
2022-12-11T14:55:06.530Z - warn: this._super declared in 'PageRules.onEnable' but no super method defined
2022-12-11T14:55:06.530Z - warn: this._super declared in 'PageRules.onDisable' but no super method defined
2022-12-11T14:55:06.530Z - warn: this._super declared in 'PageRules.onDestroy' but no super method defined
2022-12-11T14:55:06.530Z - warn: this._super declared in 'PageSavenow.onStateChange' but no super method defined
2022-12-11T14:55:06.531Z - warn: this._super declared in 'PageSavenow.onEnable' but no super method defined
2022-12-11T14:55:06.531Z - warn: this._super declared in 'PageSavenow.onDestroy' but no super method defined
2022-12-11T14:55:06.531Z - warn: this._super declared in 'PageThamQuan.onStateChange' but no super method defined
2022-12-11T14:55:06.531Z - warn: this._super declared in 'PageThamQuan.onEnable' but no super method defined
2022-12-11T14:55:06.531Z - warn: this._super declared in 'PageThamQuan.onDestroy' but no super method defined
2022-12-11T14:55:06.533Z - warn: this._super declared in 'PageWeeklyPrizeHistory.onEnable' but no super method defined
2022-12-11T14:55:06.533Z - warn: this._super declared in 'PageWeeklyPrizeHistory.onDisable' but no super method defined
2022-12-11T14:55:06.533Z - warn: this._super declared in 'PageWeeklyPrizeHistory.onDestroy' but no super method defined
2022-12-11T14:55:06.534Z - warn: this._super declared in 'PopupBuyWeeklyTicket.onStateChange' but no super method defined
2022-12-11T14:55:06.534Z - warn: this._super declared in 'PopupBuyWeeklyTicket.onDisable' but no super method defined
2022-12-11T14:55:06.534Z - warn: this._super declared in 'PopupBuyWeeklyTicket.onDestroy' but no super method defined
2022-12-11T14:55:06.535Z - warn: The type of "PopupBuyWeeklyTicketSuccess.descriptionPlaceHolder" must be cc.String, not String.
2022-12-11T14:55:06.536Z - warn: this._super declared in 'PopupError.onDestroy' but no super method defined
2022-12-11T14:55:06.536Z - warn: The type of "PopupError.descriptionTxt" must be cc.String, not String.
2022-12-11T14:55:06.537Z - warn: this._super declared in 'PopupErrorReload.onStateChange' but no super method defined
2022-12-11T14:55:06.537Z - warn: this._super declared in 'PopupErrorReload.onEnable' but no super method defined
2022-12-11T14:55:06.537Z - warn: this._super declared in 'PopupErrorReload.onDisable' but no super method defined
2022-12-11T14:55:06.537Z - warn: this._super declared in 'PopupErrorReload.onDestroy' but no super method defined
2022-12-11T14:55:06.539Z - warn: this._super declared in 'PopupLeaderboard.onStateChange' but no super method defined
2022-12-11T14:55:06.539Z - warn: this._super declared in 'PopupLeaderboard.onEnable' but no super method defined
2022-12-11T14:55:06.539Z - warn: this._super declared in 'PopupLeaderboard.onDisable' but no super method defined
2022-12-11T14:55:06.539Z - warn: this._super declared in 'PopupLeaderboard.onDestroy' but no super method defined
2022-12-11T14:55:06.539Z - warn: this._super declared in 'PopupManager.onEnable' but no super method defined
2022-12-11T14:55:06.539Z - warn: this._super declared in 'PopupManager.onDisable' but no super method defined
2022-12-11T14:55:06.540Z - warn: this._super declared in 'PopupManager.onDestroy' but no super method defined
2022-12-11T14:55:06.541Z - warn: this._super declared in 'PopupTutorial.onStateChange' but no super method defined
2022-12-11T14:55:06.542Z - warn: this._super declared in 'PopupTutorial.onDisable' but no super method defined
2022-12-11T14:55:06.542Z - warn: this._super declared in 'PopupTutorial.onDestroy' but no super method defined
2022-12-11T14:55:06.545Z - warn: this._super declared in 'ListView.onStateChange' but no super method defined
2022-12-11T14:55:06.545Z - warn: this._super declared in 'ListView.onDestroy' but no super method defined
2022-12-11T14:55:06.545Z - warn: The type of "ListView.api" must be cc.String, not String.
2022-12-11T14:55:06.545Z - warn: The type of "ListView.isPage" must be cc.Boolean, not Boolean.
2022-12-11T14:55:06.547Z - warn: this._super declared in 'Tabs.onStateChange' but no super method defined
2022-12-11T14:55:06.547Z - warn: this._super declared in 'Tabs.onDisable' but no super method defined
2022-12-11T14:55:06.548Z - warn: this._super declared in 'Tabs.onDestroy' but no super method defined
2022-12-11T14:55:06.548Z - warn: The type of "CompAvatar.customSize" must be cc.Float or cc.Integer, not Number.
2022-12-11T14:55:06.549Z - warn: this._super declared in 'CompCollectionContainer.onStateChange' but no super method defined
2022-12-11T14:55:06.549Z - warn: this._super declared in 'CompCollectionContainer.onEnable' but no super method defined
2022-12-11T14:55:06.549Z - warn: this._super declared in 'CompCollectionContainer.onDisable' but no super method defined
2022-12-11T14:55:06.549Z - warn: this._super declared in 'CompCollectionContainer.onDestroy' but no super method defined
2022-12-11T14:55:06.549Z - warn: this._super declared in 'CompHeader.onStateChange' but no super method defined
2022-12-11T14:55:06.549Z - warn: this._super declared in 'CompHeader.onEnable' but no super method defined
2022-12-11T14:55:06.549Z - warn: this._super declared in 'CompHeader.onDisable' but no super method defined
2022-12-11T14:55:06.550Z - warn: this._super declared in 'CompHeader.onDestroy' but no super method defined
2022-12-11T14:55:06.552Z - warn: this._super declared in 'InteractDetect.onStateChange' but no super method defined
2022-12-11T14:55:06.552Z - warn: this._super declared in 'InteractDetect.onEnable' but no super method defined
2022-12-11T14:55:06.552Z - warn: this._super declared in 'InteractDetect.onDisable' but no super method defined
2022-12-11T14:55:06.552Z - warn: this._super declared in 'InteractDetect.onDestroy' but no super method defined
2022-12-11T14:55:06.553Z - warn: this._super declared in 'LoginProgressBar.onEnable' but no super method defined
2022-12-11T14:55:06.553Z - warn: this._super declared in 'LoginProgressBar.onDisable' but no super method defined
2022-12-11T14:55:06.553Z - warn: this._super declared in 'LoginProgressBar.onDestroy' but no super method defined
2022-12-11T14:55:11.032Z - warn: Script attached to "Container" is missing or invalid. Detailed information:
Node path: "GiftsContainer/Container"
Script UUID: "5eea5806-b13d-4814-b20f-3a24df58bb50"
Class ID: "5eea5gGsT1IFLIPOiTfWLtQ"

2022-12-11T14:55:11.033Z - warn: Script attached to "gift" is missing or invalid. Detailed information:
Node path: "GiftsContainer/gift"
Script UUID: "7aa14988-643e-4400-8d86-00e77fd900f7"
Class ID: "7aa14mIZD5EAI2GAOd/2QD3"

2022-12-11T14:55:11.351Z - warn: The Asset used by component "cc.Sprite" in prefab "GiftsContainer.prefab" is missing. Detailed information:
Node path: "GiftsContainer/gift/image"
Asset url: "db://assets/prefabs/GiftsContainer.prefab"
Missing uuid: "94a0bf84-f89a-47be-a4c8-a141e64bd492"

2022-12-11T14:55:11.351Z - warn: The Asset used by component "cc.Sprite" in prefab "GiftsContainer.prefab" is missing. Detailed information:
Node path: "GiftsContainer/gift"
Asset url: "db://assets/prefabs/GiftsContainer.prefab"
Missing uuid: "94a0bf84-f89a-47be-a4c8-a141e64bd492"

2022-12-11T14:55:11.352Z - warn: The Asset used by component "cc.Sprite" in prefab "GiftsContainer.prefab" is missing. Detailed information:
Node path: "GiftsContainer/top-cover"
Asset url: "db://assets/prefabs/GiftsContainer.prefab"
Missing uuid: "6a0b94d4-8741-4e84-800e-fb1f76607c01"

2022-12-11T14:55:11.929Z - warn: The Asset used by component "cc.Sprite" in prefab "CompQuestsContainer.prefab" is missing. Detailed information:
Node path: "CompQuestsContainer/Scroll View/Mask/Content/CompQuest/quest-item-bg"
Asset url: "db://assets/prefabs/Component/CompQuestsContainer.prefab"
Missing uuid: "ccea27b5-fc7a-4542-8cfb-661d39e8c99b"

2022-12-11T14:55:11.930Z - warn: The Asset used by component "cc.Sprite" in prefab "CompQuestsContainer.prefab" is missing. Detailed information:
Node path: "CompQuestsContainer/Scroll View/Mask/Content/CompQuest copy/quest-item-bg"
Asset url: "db://assets/prefabs/Component/CompQuestsContainer.prefab"
Missing uuid: "ccea27b5-fc7a-4542-8cfb-661d39e8c99b"

2022-12-11T14:55:11.931Z - warn: The Asset used by component "cc.Sprite" in prefab "CompQuestsContainer.prefab" is missing. Detailed information:
Node path: "CompQuestsContainer/Scroll View/Mask/Content/CompQuest copy/quest-item-bg"
Asset url: "db://assets/prefabs/Component/CompQuestsContainer.prefab"
Missing uuid: "ccea27b5-fc7a-4542-8cfb-661d39e8c99b"

2022-12-11T14:55:11.931Z - warn: The Asset used by component "cc.Sprite" in prefab "CompQuestsContainer.prefab" is missing. Detailed information:
Node path: "CompQuestsContainer/Scroll View/Mask/Content/CompQuest copy/quest-item-bg"
Asset url: "db://assets/prefabs/Component/CompQuestsContainer.prefab"
Missing uuid: "ccea27b5-fc7a-4542-8cfb-661d39e8c99b"

2022-12-11T14:55:11.932Z - warn: The Asset used by component "cc.Sprite" in prefab "CompQuestsContainer.prefab" is missing. Detailed information:
Node path: "CompQuestsContainer/Scroll View/Mask/Content/CompQuest copy/quest-item-bg"
Asset url: "db://assets/prefabs/Component/CompQuestsContainer.prefab"
Missing uuid: "ccea27b5-fc7a-4542-8cfb-661d39e8c99b"

2022-12-11T14:55:11.933Z - warn: The Asset used by component "cc.Sprite" in prefab "CompQuestsContainer.prefab" is missing. Detailed information:
Node path: "CompQuestsContainer/Scroll View/Mask/Content/CompQuest copy/quest-item-bg"
Asset url: "db://assets/prefabs/Component/CompQuestsContainer.prefab"
Missing uuid: "ccea27b5-fc7a-4542-8cfb-661d39e8c99b"

2022-12-11T14:55:11.934Z - warn: The Asset used by component "cc.Sprite" in prefab "CompQuestsContainer.prefab" is missing. Detailed information:
Node path: "CompQuestsContainer/Scroll View/Mask/Content/CompQuest copy/quest-item-bg"
Asset url: "db://assets/prefabs/Component/CompQuestsContainer.prefab"
Missing uuid: "ccea27b5-fc7a-4542-8cfb-661d39e8c99b"

2022-12-11T14:55:11.935Z - warn: The Asset used by component "cc.Sprite" in prefab "CompQuestsContainer.prefab" is missing. Detailed information:
Node path: "CompQuestsContainer/Scroll View/Mask/Content/CompQuest copy/quest-item-bg"
Asset url: "db://assets/prefabs/Component/CompQuestsContainer.prefab"
Missing uuid: "ccea27b5-fc7a-4542-8cfb-661d39e8c99b"

2022-12-11T14:55:11.936Z - warn: The Asset used by component "cc.Sprite" in prefab "CompQuestsContainer.prefab" is missing. Detailed information:
Node path: "CompQuestsContainer/Scroll View/Mask/Content/CompQuest copy/quest-item-bg"
Asset url: "db://assets/prefabs/Component/CompQuestsContainer.prefab"
Missing uuid: "ccea27b5-fc7a-4542-8cfb-661d39e8c99b"

2022-12-11T14:55:11.936Z - warn: The Asset used by component "cc.Sprite" in prefab "CompQuestsContainer.prefab" is missing. Detailed information:
Node path: "CompQuestsContainer/Scroll View/Mask/Content/CompQuest copy/quest-item-bg"
Asset url: "db://assets/prefabs/Component/CompQuestsContainer.prefab"
Missing uuid: "ccea27b5-fc7a-4542-8cfb-661d39e8c99b"

2022-12-11T14:55:11.938Z - warn: The Asset used by component "cc.Sprite" in prefab "CompQuestsContainer.prefab" is missing. Detailed information:
Node path: "CompQuestsContainer/Scroll View/Mask/Content/CompQuest copy/quest-item-bg"
Asset url: "db://assets/prefabs/Component/CompQuestsContainer.prefab"
Missing uuid: "ccea27b5-fc7a-4542-8cfb-661d39e8c99b"

2022-12-11T14:55:28.660Z - normal: Start building with options : {
  "actualPlatform": "web-mobile",
  "agreements": {},
  "android": {
    "REMOTE_SERVER_ROOT": "",
    "packageName": "org.cocos2d.demo"
  },
  "android-instant": {
    "REMOTE_SERVER_ROOT": "",
    "host": "",
    "packageName": "org.cocos2d.demo",
    "pathPattern": "",
    "recordPath": "",
    "scheme": "https",
    "skipRecord": false
  },
  "apiLevel": "",
  "appABIs": [],
  "appBundle": false,
  "buildPath": "/Users/swift/Documents/GitHub/VTP/build",
  "buildScriptsOnly": false,
  "debug": false,
  "dest": "/Users/swift/Documents/GitHub/VTP/build/web-mobile",
  "embedWebDebugger": false,
  "encryptJs": true,
  "excludeScenes": [],
  "excludedModules": [
    "3D Physics/Builtin"
  ],
  "fb-instant-games": {},
  "inlineSpriteFrames": true,
  "inlineSpriteFrames_native": true,
  "ios": {
    "REMOTE_SERVER_ROOT": "",
    "ios_enable_jit": true,
    "packageName": "org.cocos2d.demo"
  },
  "mac": {
    "REMOTE_SERVER_ROOT": "",
    "height": 720,
    "packageName": "org.cocos2d.demo",
    "width": 1280
  },
  "mainCompressionType": "merge_all_json",
  "mainIsRemote": false,
  "md5Cache": true,
  "optimizeHotUpdate": false,
  "orientation": {
    "landscapeLeft": true,
    "landscapeRight": true,
    "portrait": false,
    "upsideDown": false
  },
  "packageName": "org.cocos2d.demo",
  "platform": "web-mobile",
  "previewHeight": "720",
  "previewWidth": "1280",
  "scenes": [
    "d054a05c-c593-4407-b24d-53c716205812"
  ],
  "separateEngineMode": false,
  "sourceMaps": false,
  "startScene": "d054a05c-c593-4407-b24d-53c716205812",
  "template": "link",
  "title": "viettel-post-noel-2022",
  "useDebugKeystore": true,
  "vsVersion": "auto",
  "webOrientation": "portrait",
  "win32": {
    "REMOTE_SERVER_ROOT": "",
    "height": 720,
    "width": 1280
  },
  "xxteaKey": "ac5f21bf-bed3-47",
  "zipCompressJs": true,
  "project": "/Users/swift/Documents/GitHub/VTP",
  "projectName": "viettel-post-noel-2022",
  "debugBuildWorker": false
}
2022-12-11T14:55:28.662Z - normal: Building /Users/swift/Documents/GitHub/VTP
2022-12-11T14:55:28.662Z - normal: Destination /Users/swift/Documents/GitHub/VTP/build/web-mobile
2022-12-11T14:55:28.721Z - normal: Delete /Users/swift/Documents/GitHub/VTP/build/web-mobile/**/*
2022-12-11T14:55:28.750Z - normal: Building 3D physics modules...
2022-12-11T14:55:36.044Z - normal: Compiling /Users/swift/Documents/GitHub/VTP
2022-12-11T14:55:45.654Z - normal: Start building assets
2022-12-11T14:55:45.655Z - normal: Start spawn build-worker
2022-12-11T14:55:46.053Z - normal: Finish spawn build-worker
2022-12-11T14:55:46.053Z - normal: Start init build-worker
2022-12-11T14:55:47.507Z - normal: Finish init build-worker
2022-12-11T14:55:47.507Z - normal: Start build-assets in worker
2022-12-11T14:55:55.879Z - warn: Original texture "db://assets/textures/animation/Pop up Effect.png" was already packed to Auto Atlas "assets/textures/animation/AutoAtlas.pac", but since the original texture is used directly by "db://assets/textures/animation/Pop up Effect.json", it will still be retained.
2022-12-11T14:55:55.881Z - warn: Original texture "db://assets/textures/animation/Vong Quay May Man.png" was already packed to Auto Atlas "assets/textures/animation/AutoAtlas.pac", but since the original texture is used directly by "db://assets/textures/animation/Vong Quay May Man.json", it will still be retained.
2022-12-11T14:55:55.882Z - warn: Original texture "db://assets/textures/animation/Button.png" was already packed to Auto Atlas "assets/textures/animation/AutoAtlas.pac", but since the original texture is used directly by "db://assets/textures/animation/Button.json", it will still be retained.
2022-12-11T14:55:55.882Z - warn: Original texture "db://assets/textures/animation/Confetti.png" was already packed to Auto Atlas "assets/textures/animation/AutoAtlas.pac", but since the original texture is used directly by "db://assets/textures/animation/Confetti.json", it will still be retained.
2022-12-11T14:55:55.883Z - warn: db://assets/textures/common/spin-bg.png has not been packed into AutoAtlas.
2022-12-11T14:55:55.883Z - warn: db://assets/textures/common/bg.jpg has not been packed into AutoAtlas.
2022-12-11T14:55:55.884Z - warn: db://assets/textures/Popup/common/popup-fx.png has not been packed into AutoAtlas.
2022-12-11T14:55:55.885Z - warn: db://assets/textures/Pages/PageHome/bgGameplay_day.png has not been packed into AutoAtlas.
2022-12-11T14:55:55.885Z - warn: db://assets/textures/Pages/PageHome/details_night.png has not been packed into AutoAtlas.
2022-12-11T14:55:55.886Z - warn: db://assets/textures/Pages/PageHome/details_day.png has not been packed into AutoAtlas.
2022-12-11T14:55:55.886Z - warn: db://assets/textures/Pages/PageHome/bgGameplay_night.png has not been packed into AutoAtlas.
2022-12-11T14:55:55.886Z - warn: db://assets/textures/Pages/PageHome/top_cover.png has not been packed into AutoAtlas.
2022-12-11T14:55:56.080Z - normal: Finish build-assets in worker
2022-12-11T14:55:56.097Z - normal: Finish building assets
2022-12-11T14:55:56.119Z - normal: Start building plugin scripts
2022-12-11T14:55:56.167Z - normal: Generating main.js from /Applications/CocosCreator/Creator/2.4.4/Creator/2.4.4/CocosCreator.app/Contents/Resources/static/build-templates/shares/main.js
2022-12-11T14:55:56.173Z - normal: Generating html from /Applications/CocosCreator/Creator/2.4.4/Creator/2.4.4/CocosCreator.app/Contents/Resources/static/build-templates/web-mobile/template/index.html
2022-12-11T14:55:56.394Z - normal: Built to "/Users/swift/Documents/GitHub/VTP/build/web-mobile" successfully
2022-12-11T14:58:34.992Z - normal: Start building with options : {
  "actualPlatform": "web-mobile",
  "agreements": {},
  "android": {
    "REMOTE_SERVER_ROOT": "",
    "packageName": "org.cocos2d.demo"
  },
  "android-instant": {
    "REMOTE_SERVER_ROOT": "",
    "host": "",
    "packageName": "org.cocos2d.demo",
    "pathPattern": "",
    "recordPath": "",
    "scheme": "https",
    "skipRecord": false
  },
  "apiLevel": "",
  "appABIs": [],
  "appBundle": false,
  "buildPath": "/Users/swift/Documents/GitHub/VTP/build",
  "buildScriptsOnly": false,
  "debug": false,
  "dest": "/Users/swift/Documents/GitHub/VTP/build/web-mobile",
  "embedWebDebugger": false,
  "encryptJs": true,
  "excludeScenes": [],
  "excludedModules": [
    "3D Physics/Builtin"
  ],
  "fb-instant-games": {},
  "inlineSpriteFrames": true,
  "inlineSpriteFrames_native": true,
  "ios": {
    "REMOTE_SERVER_ROOT": "",
    "ios_enable_jit": true,
    "packageName": "org.cocos2d.demo"
  },
  "mac": {
    "REMOTE_SERVER_ROOT": "",
    "height": 720,
    "packageName": "org.cocos2d.demo",
    "width": 1280
  },
  "mainCompressionType": "merge_all_json",
  "mainIsRemote": false,
  "md5Cache": true,
  "optimizeHotUpdate": false,
  "orientation": {
    "landscapeLeft": true,
    "landscapeRight": true,
    "portrait": false,
    "upsideDown": false
  },
  "packageName": "org.cocos2d.demo",
  "platform": "web-mobile",
  "previewHeight": "720",
  "previewWidth": "1280",
  "scenes": [
    "d054a05c-c593-4407-b24d-53c716205812"
  ],
  "separateEngineMode": false,
  "sourceMaps": false,
  "startScene": "d054a05c-c593-4407-b24d-53c716205812",
  "template": "link",
  "title": "viettel-post-noel-2022",
  "useDebugKeystore": true,
  "vsVersion": "auto",
  "webOrientation": "portrait",
  "win32": {
    "REMOTE_SERVER_ROOT": "",
    "height": 720,
    "width": 1280
  },
  "xxteaKey": "ac5f21bf-bed3-47",
  "zipCompressJs": true,
  "project": "/Users/swift/Documents/GitHub/VTP",
  "projectName": "viettel-post-noel-2022",
  "debugBuildWorker": false
}
2022-12-11T14:58:34.995Z - normal: Building /Users/swift/Documents/GitHub/VTP
2022-12-11T14:58:34.995Z - normal: Destination /Users/swift/Documents/GitHub/VTP/build/web-mobile
2022-12-11T14:58:34.998Z - normal: Delete /Users/swift/Documents/GitHub/VTP/build/web-mobile/**/*
2022-12-11T14:58:35.042Z - normal: Building 3D physics modules...
2022-12-11T14:58:41.115Z - normal: Compiling /Users/swift/Documents/GitHub/VTP
2022-12-11T14:58:50.589Z - normal: Start building assets
2022-12-11T14:58:50.589Z - normal: Start spawn build-worker
2022-12-11T14:58:50.979Z - normal: Finish spawn build-worker
2022-12-11T14:58:50.979Z - normal: Start init build-worker
2022-12-11T14:58:52.426Z - normal: Finish init build-worker
2022-12-11T14:58:52.426Z - normal: Start build-assets in worker
2022-12-11T14:58:54.313Z - warn: Original texture "db://assets/textures/animation/Pop up Effect.png" was already packed to Auto Atlas "assets/textures/animation/AutoAtlas.pac", but since the original texture is used directly by "db://assets/textures/animation/Pop up Effect.json", it will still be retained.
2022-12-11T14:58:54.314Z - warn: Original texture "db://assets/textures/animation/Vong Quay May Man.png" was already packed to Auto Atlas "assets/textures/animation/AutoAtlas.pac", but since the original texture is used directly by "db://assets/textures/animation/Vong Quay May Man.json", it will still be retained.
2022-12-11T14:58:54.315Z - warn: Original texture "db://assets/textures/animation/Button.png" was already packed to Auto Atlas "assets/textures/animation/AutoAtlas.pac", but since the original texture is used directly by "db://assets/textures/animation/Button.json", it will still be retained.
2022-12-11T14:58:54.315Z - warn: Original texture "db://assets/textures/animation/Confetti.png" was already packed to Auto Atlas "assets/textures/animation/AutoAtlas.pac", but since the original texture is used directly by "db://assets/textures/animation/Confetti.json", it will still be retained.
2022-12-11T14:58:54.316Z - warn: db://assets/textures/common/spin-bg.png has not been packed into AutoAtlas.
2022-12-11T14:58:54.316Z - warn: db://assets/textures/common/bg.jpg has not been packed into AutoAtlas.
2022-12-11T14:58:54.317Z - warn: db://assets/textures/Popup/common/popup-fx.png has not been packed into AutoAtlas.
2022-12-11T14:58:54.317Z - warn: db://assets/textures/Pages/PageHome/bgGameplay_day.png has not been packed into AutoAtlas.
2022-12-11T14:58:54.318Z - warn: db://assets/textures/Pages/PageHome/details_night.png has not been packed into AutoAtlas.
2022-12-11T14:58:54.318Z - warn: db://assets/textures/Pages/PageHome/details_day.png has not been packed into AutoAtlas.
2022-12-11T14:58:54.318Z - warn: db://assets/textures/Pages/PageHome/bgGameplay_night.png has not been packed into AutoAtlas.
2022-12-11T14:58:54.319Z - warn: db://assets/textures/Pages/PageHome/top_cover.png has not been packed into AutoAtlas.
2022-12-11T14:58:54.510Z - normal: Finish build-assets in worker
2022-12-11T14:58:54.527Z - normal: Finish building assets
2022-12-11T14:58:54.546Z - normal: Start building plugin scripts
2022-12-11T14:58:54.592Z - normal: Generating main.js from /Applications/CocosCreator/Creator/2.4.4/Creator/2.4.4/CocosCreator.app/Contents/Resources/static/build-templates/shares/main.js
2022-12-11T14:58:54.596Z - normal: Generating html from /Applications/CocosCreator/Creator/2.4.4/Creator/2.4.4/CocosCreator.app/Contents/Resources/static/build-templates/web-mobile/template/index.html
2022-12-11T14:58:54.716Z - normal: Built to "/Users/swift/Documents/GitHub/VTP/build/web-mobile" successfully
2022-12-11T14:59:40.880Z - normal: Start building with options : {
  "actualPlatform": "web-mobile",
  "agreements": {},
  "android": {
    "REMOTE_SERVER_ROOT": "",
    "packageName": "org.cocos2d.demo"
  },
  "android-instant": {
    "REMOTE_SERVER_ROOT": "",
    "host": "",
    "packageName": "org.cocos2d.demo",
    "pathPattern": "",
    "recordPath": "",
    "scheme": "https",
    "skipRecord": false
  },
  "apiLevel": "",
  "appABIs": [],
  "appBundle": false,
  "buildPath": "/Users/swift/Documents/GitHub/VTP/build",
  "buildScriptsOnly": false,
  "debug": false,
  "dest": "/Users/swift/Documents/GitHub/VTP/build/web-mobile",
  "embedWebDebugger": false,
  "encryptJs": true,
  "excludeScenes": [],
  "excludedModules": [
    "3D Physics/Builtin"
  ],
  "fb-instant-games": {},
  "inlineSpriteFrames": true,
  "inlineSpriteFrames_native": true,
  "ios": {
    "REMOTE_SERVER_ROOT": "",
    "ios_enable_jit": true,
    "packageName": "org.cocos2d.demo"
  },
  "mac": {
    "REMOTE_SERVER_ROOT": "",
    "height": 720,
    "packageName": "org.cocos2d.demo",
    "width": 1280
  },
  "mainCompressionType": "merge_all_json",
  "mainIsRemote": false,
  "md5Cache": true,
  "optimizeHotUpdate": false,
  "orientation": {
    "landscapeLeft": true,
    "landscapeRight": true,
    "portrait": false,
    "upsideDown": false
  },
  "packageName": "org.cocos2d.demo",
  "platform": "web-mobile",
  "previewHeight": "720",
  "previewWidth": "1280",
  "scenes": [
    "d054a05c-c593-4407-b24d-53c716205812"
  ],
  "separateEngineMode": false,
  "sourceMaps": false,
  "startScene": "d054a05c-c593-4407-b24d-53c716205812",
  "template": "link",
  "title": "viettel-post-noel-2022",
  "useDebugKeystore": true,
  "vsVersion": "auto",
  "webOrientation": "portrait",
  "win32": {
    "REMOTE_SERVER_ROOT": "",
    "height": 720,
    "width": 1280
  },
  "xxteaKey": "ac5f21bf-bed3-47",
  "zipCompressJs": true,
  "project": "/Users/swift/Documents/GitHub/VTP",
  "projectName": "viettel-post-noel-2022",
  "debugBuildWorker": false
}
2022-12-11T14:59:40.883Z - normal: Building /Users/swift/Documents/GitHub/VTP
2022-12-11T14:59:40.883Z - normal: Destination /Users/swift/Documents/GitHub/VTP/build/web-mobile
2022-12-11T14:59:40.887Z - normal: Delete /Users/swift/Documents/GitHub/VTP/build/web-mobile/**/*
2022-12-11T14:59:40.932Z - normal: Building 3D physics modules...
2022-12-11T14:59:46.523Z - normal: Compiling /Users/swift/Documents/GitHub/VTP
2022-12-11T14:59:55.850Z - normal: Start building assets
2022-12-11T14:59:55.850Z - normal: Start spawn build-worker
2022-12-11T14:59:56.232Z - normal: Finish spawn build-worker
2022-12-11T14:59:56.232Z - normal: Start init build-worker
2022-12-11T14:59:57.643Z - normal: Finish init build-worker
2022-12-11T14:59:57.644Z - normal: Start build-assets in worker
2022-12-11T14:59:59.460Z - warn: Original texture "db://assets/textures/animation/Pop up Effect.png" was already packed to Auto Atlas "assets/textures/animation/AutoAtlas.pac", but since the original texture is used directly by "db://assets/textures/animation/Pop up Effect.json", it will still be retained.
2022-12-11T14:59:59.461Z - warn: Original texture "db://assets/textures/animation/Vong Quay May Man.png" was already packed to Auto Atlas "assets/textures/animation/AutoAtlas.pac", but since the original texture is used directly by "db://assets/textures/animation/Vong Quay May Man.json", it will still be retained.
2022-12-11T14:59:59.462Z - warn: Original texture "db://assets/textures/animation/Button.png" was already packed to Auto Atlas "assets/textures/animation/AutoAtlas.pac", but since the original texture is used directly by "db://assets/textures/animation/Button.json", it will still be retained.
2022-12-11T14:59:59.462Z - warn: Original texture "db://assets/textures/animation/Confetti.png" was already packed to Auto Atlas "assets/textures/animation/AutoAtlas.pac", but since the original texture is used directly by "db://assets/textures/animation/Confetti.json", it will still be retained.
2022-12-11T14:59:59.463Z - warn: db://assets/textures/common/spin-bg.png has not been packed into AutoAtlas.
2022-12-11T14:59:59.463Z - warn: db://assets/textures/common/bg.jpg has not been packed into AutoAtlas.
2022-12-11T14:59:59.463Z - warn: db://assets/textures/Popup/common/popup-fx.png has not been packed into AutoAtlas.
2022-12-11T14:59:59.463Z - warn: db://assets/textures/Pages/PageHome/bgGameplay_day.png has not been packed into AutoAtlas.
2022-12-11T14:59:59.464Z - warn: db://assets/textures/Pages/PageHome/details_night.png has not been packed into AutoAtlas.
2022-12-11T14:59:59.464Z - warn: db://assets/textures/Pages/PageHome/details_day.png has not been packed into AutoAtlas.
2022-12-11T14:59:59.464Z - warn: db://assets/textures/Pages/PageHome/bgGameplay_night.png has not been packed into AutoAtlas.
2022-12-11T14:59:59.464Z - warn: db://assets/textures/Pages/PageHome/top_cover.png has not been packed into AutoAtlas.
2022-12-11T14:59:59.651Z - normal: Finish build-assets in worker
2022-12-11T14:59:59.669Z - normal: Finish building assets
2022-12-11T14:59:59.684Z - normal: Start building plugin scripts
2022-12-11T14:59:59.725Z - normal: Generating main.js from /Applications/CocosCreator/Creator/2.4.4/Creator/2.4.4/CocosCreator.app/Contents/Resources/static/build-templates/shares/main.js
2022-12-11T14:59:59.729Z - normal: Generating html from /Applications/CocosCreator/Creator/2.4.4/Creator/2.4.4/CocosCreator.app/Contents/Resources/static/build-templates/web-mobile/template/index.html
2022-12-11T14:59:59.888Z - normal: Built to "/Users/swift/Documents/GitHub/VTP/build/web-mobile" successfully
2022-12-11T15:00:02.515Z - normal: Start building with options : {
  "actualPlatform": "web-mobile",
  "agreements": {},
  "android": {
    "REMOTE_SERVER_ROOT": "",
    "packageName": "org.cocos2d.demo"
  },
  "android-instant": {
    "REMOTE_SERVER_ROOT": "",
    "host": "",
    "packageName": "org.cocos2d.demo",
    "pathPattern": "",
    "recordPath": "",
    "scheme": "https",
    "skipRecord": false
  },
  "apiLevel": "",
  "appABIs": [],
  "appBundle": false,
  "buildPath": "/Users/swift/Documents/GitHub/VTP/build",
  "buildScriptsOnly": false,
  "debug": false,
  "dest": "/Users/swift/Documents/GitHub/VTP/build/web-mobile",
  "embedWebDebugger": false,
  "encryptJs": true,
  "excludeScenes": [],
  "excludedModules": [
    "3D Physics/Builtin"
  ],
  "fb-instant-games": {},
  "inlineSpriteFrames": true,
  "inlineSpriteFrames_native": true,
  "ios": {
    "REMOTE_SERVER_ROOT": "",
    "ios_enable_jit": true,
    "packageName": "org.cocos2d.demo"
  },
  "mac": {
    "REMOTE_SERVER_ROOT": "",
    "height": 720,
    "packageName": "org.cocos2d.demo",
    "width": 1280
  },
  "mainCompressionType": "merge_all_json",
  "mainIsRemote": false,
  "md5Cache": true,
  "optimizeHotUpdate": false,
  "orientation": {
    "landscapeLeft": true,
    "landscapeRight": true,
    "portrait": false,
    "upsideDown": false
  },
  "packageName": "org.cocos2d.demo",
  "platform": "web-mobile",
  "previewHeight": "720",
  "previewWidth": "1280",
  "scenes": [
    "d054a05c-c593-4407-b24d-53c716205812"
  ],
  "separateEngineMode": false,
  "sourceMaps": false,
  "startScene": "d054a05c-c593-4407-b24d-53c716205812",
  "template": "link",
  "title": "viettel-post-noel-2022",
  "useDebugKeystore": true,
  "vsVersion": "auto",
  "webOrientation": "portrait",
  "win32": {
    "REMOTE_SERVER_ROOT": "",
    "height": 720,
    "width": 1280
  },
  "xxteaKey": "ac5f21bf-bed3-47",
  "zipCompressJs": true,
  "project": "/Users/swift/Documents/GitHub/VTP",
  "projectName": "viettel-post-noel-2022",
  "debugBuildWorker": false
}
2022-12-11T15:00:02.515Z - normal: Building /Users/swift/Documents/GitHub/VTP
2022-12-11T15:00:02.516Z - normal: Destination /Users/swift/Documents/GitHub/VTP/build/web-mobile
2022-12-11T15:00:02.517Z - normal: Delete /Users/swift/Documents/GitHub/VTP/build/web-mobile/**/*
2022-12-11T15:00:02.553Z - normal: Building 3D physics modules...
2022-12-11T15:00:07.953Z - normal: Compiling /Users/swift/Documents/GitHub/VTP
2022-12-11T15:00:17.113Z - normal: Start building assets
2022-12-11T15:00:17.113Z - normal: Start spawn build-worker
2022-12-11T15:00:17.504Z - normal: Finish spawn build-worker
2022-12-11T15:00:17.504Z - normal: Start init build-worker
2022-12-11T15:00:18.879Z - normal: Finish init build-worker
2022-12-11T15:00:18.879Z - normal: Start build-assets in worker
2022-12-11T15:00:20.782Z - warn: Original texture "db://assets/textures/animation/Pop up Effect.png" was already packed to Auto Atlas "assets/textures/animation/AutoAtlas.pac", but since the original texture is used directly by "db://assets/textures/animation/Pop up Effect.json", it will still be retained.
2022-12-11T15:00:20.783Z - warn: Original texture "db://assets/textures/animation/Vong Quay May Man.png" was already packed to Auto Atlas "assets/textures/animation/AutoAtlas.pac", but since the original texture is used directly by "db://assets/textures/animation/Vong Quay May Man.json", it will still be retained.
2022-12-11T15:00:20.783Z - warn: Original texture "db://assets/textures/animation/Button.png" was already packed to Auto Atlas "assets/textures/animation/AutoAtlas.pac", but since the original texture is used directly by "db://assets/textures/animation/Button.json", it will still be retained.
2022-12-11T15:00:20.783Z - warn: Original texture "db://assets/textures/animation/Confetti.png" was already packed to Auto Atlas "assets/textures/animation/AutoAtlas.pac", but since the original texture is used directly by "db://assets/textures/animation/Confetti.json", it will still be retained.
2022-12-11T15:00:20.784Z - warn: db://assets/textures/common/spin-bg.png has not been packed into AutoAtlas.
2022-12-11T15:00:20.784Z - warn: db://assets/textures/common/bg.jpg has not been packed into AutoAtlas.
2022-12-11T15:00:20.784Z - warn: db://assets/textures/Popup/common/popup-fx.png has not been packed into AutoAtlas.
2022-12-11T15:00:20.785Z - warn: db://assets/textures/Pages/PageHome/bgGameplay_day.png has not been packed into AutoAtlas.
2022-12-11T15:00:20.785Z - warn: db://assets/textures/Pages/PageHome/details_night.png has not been packed into AutoAtlas.
2022-12-11T15:00:20.785Z - warn: db://assets/textures/Pages/PageHome/details_day.png has not been packed into AutoAtlas.
2022-12-11T15:00:20.785Z - warn: db://assets/textures/Pages/PageHome/bgGameplay_night.png has not been packed into AutoAtlas.
2022-12-11T15:00:20.786Z - warn: db://assets/textures/Pages/PageHome/top_cover.png has not been packed into AutoAtlas.
2022-12-11T15:00:20.981Z - normal: Finish build-assets in worker
2022-12-11T15:00:20.998Z - normal: Finish building assets
2022-12-11T15:00:21.012Z - normal: Start building plugin scripts
2022-12-11T15:00:21.050Z - normal: Generating main.js from /Applications/CocosCreator/Creator/2.4.4/Creator/2.4.4/CocosCreator.app/Contents/Resources/static/build-templates/shares/main.js
2022-12-11T15:00:21.053Z - normal: Generating html from /Applications/CocosCreator/Creator/2.4.4/Creator/2.4.4/CocosCreator.app/Contents/Resources/static/build-templates/web-mobile/template/index.html
2022-12-11T15:00:21.174Z - normal: Built to "/Users/swift/Documents/GitHub/VTP/build/web-mobile" successfully
2022-12-11T15:02:53.025Z - normal: Start building with options : {
  "actualPlatform": "web-mobile",
  "agreements": {},
  "android": {
    "REMOTE_SERVER_ROOT": "",
    "packageName": "org.cocos2d.demo"
  },
  "android-instant": {
    "REMOTE_SERVER_ROOT": "",
    "host": "",
    "packageName": "org.cocos2d.demo",
    "pathPattern": "",
    "recordPath": "",
    "scheme": "https",
    "skipRecord": false
  },
  "apiLevel": "",
  "appABIs": [],
  "appBundle": false,
  "buildPath": "/Users/swift/Documents/GitHub/VTP/build",
  "buildScriptsOnly": false,
  "debug": false,
  "dest": "/Users/swift/Documents/GitHub/VTP/build/web-mobile",
  "embedWebDebugger": false,
  "encryptJs": true,
  "excludeScenes": [],
  "excludedModules": [
    "3D Physics/Builtin"
  ],
  "fb-instant-games": {},
  "inlineSpriteFrames": true,
  "inlineSpriteFrames_native": true,
  "ios": {
    "REMOTE_SERVER_ROOT": "",
    "ios_enable_jit": true,
    "packageName": "org.cocos2d.demo"
  },
  "mac": {
    "REMOTE_SERVER_ROOT": "",
    "height": 720,
    "packageName": "org.cocos2d.demo",
    "width": 1280
  },
  "mainCompressionType": "merge_all_json",
  "mainIsRemote": false,
  "md5Cache": true,
  "optimizeHotUpdate": false,
  "orientation": {
    "landscapeLeft": true,
    "landscapeRight": true,
    "portrait": false,
    "upsideDown": false
  },
  "packageName": "org.cocos2d.demo",
  "platform": "web-mobile",
  "previewHeight": "720",
  "previewWidth": "1280",
  "scenes": [
    "d054a05c-c593-4407-b24d-53c716205812"
  ],
  "separateEngineMode": false,
  "sourceMaps": false,
  "startScene": "d054a05c-c593-4407-b24d-53c716205812",
  "template": "link",
  "title": "viettel-post-noel-2022",
  "useDebugKeystore": true,
  "vsVersion": "auto",
  "webOrientation": "portrait",
  "win32": {
    "REMOTE_SERVER_ROOT": "",
    "height": 720,
    "width": 1280
  },
  "xxteaKey": "ac5f21bf-bed3-47",
  "zipCompressJs": true,
  "project": "/Users/swift/Documents/GitHub/VTP",
  "projectName": "viettel-post-noel-2022",
  "debugBuildWorker": false
}
2022-12-11T15:02:53.026Z - normal: Building /Users/swift/Documents/GitHub/VTP
2022-12-11T15:02:53.026Z - normal: Destination /Users/swift/Documents/GitHub/VTP/build/web-mobile
2022-12-11T15:02:53.028Z - normal: Delete /Users/swift/Documents/GitHub/VTP/build/web-mobile/**/*
2022-12-11T15:02:53.085Z - normal: Building 3D physics modules...
2022-12-11T15:03:00.004Z - normal: Compiling /Users/swift/Documents/GitHub/VTP
2022-12-11T15:03:10.214Z - normal: Start building assets
2022-12-11T15:03:10.215Z - normal: Start spawn build-worker
2022-12-11T15:03:10.650Z - normal: Finish spawn build-worker
2022-12-11T15:03:10.650Z - normal: Start init build-worker
2022-12-11T15:03:12.230Z - normal: Finish init build-worker
2022-12-11T15:03:12.230Z - normal: Start build-assets in worker
2022-12-11T15:03:14.392Z - warn: Original texture "db://assets/textures/animation/Pop up Effect.png" was already packed to Auto Atlas "assets/textures/animation/AutoAtlas.pac", but since the original texture is used directly by "db://assets/textures/animation/Pop up Effect.json", it will still be retained.
2022-12-11T15:03:14.394Z - warn: Original texture "db://assets/textures/animation/Vong Quay May Man.png" was already packed to Auto Atlas "assets/textures/animation/AutoAtlas.pac", but since the original texture is used directly by "db://assets/textures/animation/Vong Quay May Man.json", it will still be retained.
2022-12-11T15:03:14.394Z - warn: Original texture "db://assets/textures/animation/Button.png" was already packed to Auto Atlas "assets/textures/animation/AutoAtlas.pac", but since the original texture is used directly by "db://assets/textures/animation/Button.json", it will still be retained.
2022-12-11T15:03:14.395Z - warn: Original texture "db://assets/textures/animation/Confetti.png" was already packed to Auto Atlas "assets/textures/animation/AutoAtlas.pac", but since the original texture is used directly by "db://assets/textures/animation/Confetti.json", it will still be retained.
2022-12-11T15:03:14.395Z - warn: db://assets/textures/common/spin-bg.png has not been packed into AutoAtlas.
2022-12-11T15:03:14.395Z - warn: db://assets/textures/common/bg.jpg has not been packed into AutoAtlas.
2022-12-11T15:03:14.396Z - warn: db://assets/textures/Popup/common/popup-fx.png has not been packed into AutoAtlas.
2022-12-11T15:03:14.396Z - warn: db://assets/textures/Pages/PageHome/bgGameplay_day.png has not been packed into AutoAtlas.
2022-12-11T15:03:14.396Z - warn: db://assets/textures/Pages/PageHome/details_night.png has not been packed into AutoAtlas.
2022-12-11T15:03:14.397Z - warn: db://assets/textures/Pages/PageHome/details_day.png has not been packed into AutoAtlas.
2022-12-11T15:03:14.397Z - warn: db://assets/textures/Pages/PageHome/bgGameplay_night.png has not been packed into AutoAtlas.
2022-12-11T15:03:14.397Z - warn: db://assets/textures/Pages/PageHome/top_cover.png has not been packed into AutoAtlas.
2022-12-11T15:03:14.600Z - normal: Finish build-assets in worker
2022-12-11T15:03:14.618Z - normal: Finish building assets
2022-12-11T15:03:14.639Z - normal: Start building plugin scripts
2022-12-11T15:03:14.685Z - normal: Generating main.js from /Applications/CocosCreator/Creator/2.4.4/Creator/2.4.4/CocosCreator.app/Contents/Resources/static/build-templates/shares/main.js
2022-12-11T15:03:14.699Z - normal: Generating html from /Applications/CocosCreator/Creator/2.4.4/Creator/2.4.4/CocosCreator.app/Contents/Resources/static/build-templates/web-mobile/template/index.html
2022-12-11T15:03:14.900Z - normal: Built to "/Users/swift/Documents/GitHub/VTP/build/web-mobile" successfully
2022-12-11T15:04:47.892Z - normal: Start building with options : {
  "actualPlatform": "web-mobile",
  "agreements": {},
  "android": {
    "REMOTE_SERVER_ROOT": "",
    "packageName": "org.cocos2d.demo"
  },
  "android-instant": {
    "REMOTE_SERVER_ROOT": "",
    "host": "",
    "packageName": "org.cocos2d.demo",
    "pathPattern": "",
    "recordPath": "",
    "scheme": "https",
    "skipRecord": false
  },
  "apiLevel": "",
  "appABIs": [],
  "appBundle": false,
  "buildPath": "/Users/swift/Documents/GitHub/VTP/build",
  "buildScriptsOnly": false,
  "debug": false,
  "dest": "/Users/swift/Documents/GitHub/VTP/build/web-mobile",
  "embedWebDebugger": false,
  "encryptJs": true,
  "excludeScenes": [],
  "excludedModules": [
    "3D Physics/Builtin"
  ],
  "fb-instant-games": {},
  "inlineSpriteFrames": true,
  "inlineSpriteFrames_native": true,
  "ios": {
    "REMOTE_SERVER_ROOT": "",
    "ios_enable_jit": true,
    "packageName": "org.cocos2d.demo"
  },
  "mac": {
    "REMOTE_SERVER_ROOT": "",
    "height": 720,
    "packageName": "org.cocos2d.demo",
    "width": 1280
  },
  "mainCompressionType": "merge_all_json",
  "mainIsRemote": false,
  "md5Cache": true,
  "optimizeHotUpdate": false,
  "orientation": {
    "landscapeLeft": true,
    "landscapeRight": true,
    "portrait": false,
    "upsideDown": false
  },
  "packageName": "org.cocos2d.demo",
  "platform": "web-mobile",
  "previewHeight": "720",
  "previewWidth": "1280",
  "scenes": [
    "d054a05c-c593-4407-b24d-53c716205812"
  ],
  "separateEngineMode": false,
  "sourceMaps": false,
  "startScene": "d054a05c-c593-4407-b24d-53c716205812",
  "template": "link",
  "title": "viettel-post-noel-2022",
  "useDebugKeystore": true,
  "vsVersion": "auto",
  "webOrientation": "portrait",
  "win32": {
    "REMOTE_SERVER_ROOT": "",
    "height": 720,
    "width": 1280
  },
  "xxteaKey": "ac5f21bf-bed3-47",
  "zipCompressJs": true,
  "project": "/Users/swift/Documents/GitHub/VTP",
  "projectName": "viettel-post-noel-2022",
  "debugBuildWorker": false
}
2022-12-11T15:04:47.893Z - normal: Building /Users/swift/Documents/GitHub/VTP
2022-12-11T15:04:47.894Z - normal: Destination /Users/swift/Documents/GitHub/VTP/build/web-mobile
2022-12-11T15:04:47.895Z - normal: Delete /Users/swift/Documents/GitHub/VTP/build/web-mobile/**/*
2022-12-11T15:04:47.941Z - normal: Building 3D physics modules...
2022-12-11T15:04:54.117Z - normal: Compiling /Users/swift/Documents/GitHub/VTP
2022-12-11T15:05:04.331Z - normal: Start building assets
2022-12-11T15:05:04.331Z - normal: Start spawn build-worker
2022-12-11T15:05:04.762Z - normal: Finish spawn build-worker
2022-12-11T15:05:04.762Z - normal: Start init build-worker
2022-12-11T15:05:06.305Z - normal: Finish init build-worker
2022-12-11T15:05:06.306Z - normal: Start build-assets in worker
2022-12-11T15:05:08.474Z - warn: Original texture "db://assets/textures/animation/Pop up Effect.png" was already packed to Auto Atlas "assets/textures/animation/AutoAtlas.pac", but since the original texture is used directly by "db://assets/textures/animation/Pop up Effect.json", it will still be retained.
2022-12-11T15:05:08.476Z - warn: Original texture "db://assets/textures/animation/Vong Quay May Man.png" was already packed to Auto Atlas "assets/textures/animation/AutoAtlas.pac", but since the original texture is used directly by "db://assets/textures/animation/Vong Quay May Man.json", it will still be retained.
2022-12-11T15:05:08.480Z - warn: Original texture "db://assets/textures/animation/Button.png" was already packed to Auto Atlas "assets/textures/animation/AutoAtlas.pac", but since the original texture is used directly by "db://assets/textures/animation/Button.json", it will still be retained.
2022-12-11T15:05:08.480Z - warn: Original texture "db://assets/textures/animation/Confetti.png" was already packed to Auto Atlas "assets/textures/animation/AutoAtlas.pac", but since the original texture is used directly by "db://assets/textures/animation/Confetti.json", it will still be retained.
2022-12-11T15:05:08.481Z - warn: db://assets/textures/common/spin-bg.png has not been packed into AutoAtlas.
2022-12-11T15:05:08.481Z - warn: db://assets/textures/common/bg.jpg has not been packed into AutoAtlas.
2022-12-11T15:05:08.481Z - warn: db://assets/textures/Popup/common/popup-fx.png has not been packed into AutoAtlas.
2022-12-11T15:05:08.482Z - warn: db://assets/textures/Pages/PageHome/bgGameplay_day.png has not been packed into AutoAtlas.
2022-12-11T15:05:08.482Z - warn: db://assets/textures/Pages/PageHome/details_night.png has not been packed into AutoAtlas.
2022-12-11T15:05:08.482Z - warn: db://assets/textures/Pages/PageHome/details_day.png has not been packed into AutoAtlas.
2022-12-11T15:05:08.482Z - warn: db://assets/textures/Pages/PageHome/bgGameplay_night.png has not been packed into AutoAtlas.
2022-12-11T15:05:08.483Z - warn: db://assets/textures/Pages/PageHome/top_cover.png has not been packed into AutoAtlas.
2022-12-11T15:05:08.679Z - normal: Finish build-assets in worker
2022-12-11T15:05:08.700Z - normal: Finish building assets
2022-12-11T15:05:08.721Z - normal: Start building plugin scripts
2022-12-11T15:05:08.766Z - normal: Generating main.js from /Applications/CocosCreator/Creator/2.4.4/Creator/2.4.4/CocosCreator.app/Contents/Resources/static/build-templates/shares/main.js
2022-12-11T15:05:08.771Z - normal: Generating html from /Applications/CocosCreator/Creator/2.4.4/Creator/2.4.4/CocosCreator.app/Contents/Resources/static/build-templates/web-mobile/template/index.html
2022-12-11T15:05:08.989Z - normal: Built to "/Users/swift/Documents/GitHub/VTP/build/web-mobile" successfully
2022-12-11T15:08:17.684Z - normal: Start building with options : {
  "actualPlatform": "web-mobile",
  "agreements": {},
  "android": {
    "REMOTE_SERVER_ROOT": "",
    "packageName": "org.cocos2d.demo"
  },
  "android-instant": {
    "REMOTE_SERVER_ROOT": "",
    "host": "",
    "packageName": "org.cocos2d.demo",
    "pathPattern": "",
    "recordPath": "",
    "scheme": "https",
    "skipRecord": false
  },
  "apiLevel": "",
  "appABIs": [],
  "appBundle": false,
  "buildPath": "/Users/swift/Documents/GitHub/VTP/build",
  "buildScriptsOnly": false,
  "debug": false,
  "dest": "/Users/swift/Documents/GitHub/VTP/build/web-mobile",
  "embedWebDebugger": false,
  "encryptJs": true,
  "excludeScenes": [],
  "excludedModules": [
    "3D Physics/Builtin"
  ],
  "fb-instant-games": {},
  "inlineSpriteFrames": true,
  "inlineSpriteFrames_native": true,
  "ios": {
    "REMOTE_SERVER_ROOT": "",
    "ios_enable_jit": true,
    "packageName": "org.cocos2d.demo"
  },
  "mac": {
    "REMOTE_SERVER_ROOT": "",
    "height": 720,
    "packageName": "org.cocos2d.demo",
    "width": 1280
  },
  "mainCompressionType": "merge_all_json",
  "mainIsRemote": false,
  "md5Cache": true,
  "optimizeHotUpdate": false,
  "orientation": {
    "landscapeLeft": true,
    "landscapeRight": true,
    "portrait": false,
    "upsideDown": false
  },
  "packageName": "org.cocos2d.demo",
  "platform": "web-mobile",
  "previewHeight": "720",
  "previewWidth": "1280",
  "scenes": [
    "d054a05c-c593-4407-b24d-53c716205812"
  ],
  "separateEngineMode": false,
  "sourceMaps": false,
  "startScene": "d054a05c-c593-4407-b24d-53c716205812",
  "template": "link",
  "title": "viettel-post-noel-2022",
  "useDebugKeystore": true,
  "vsVersion": "auto",
  "webOrientation": "portrait",
  "win32": {
    "REMOTE_SERVER_ROOT": "",
    "height": 720,
    "width": 1280
  },
  "xxteaKey": "ac5f21bf-bed3-47",
  "zipCompressJs": true,
  "project": "/Users/swift/Documents/GitHub/VTP",
  "projectName": "viettel-post-noel-2022",
  "debugBuildWorker": false
}
2022-12-11T15:08:17.687Z - normal: Building /Users/swift/Documents/GitHub/VTP
2022-12-11T15:08:17.687Z - normal: Destination /Users/swift/Documents/GitHub/VTP/build/web-mobile
2022-12-11T15:08:17.691Z - normal: Delete /Users/swift/Documents/GitHub/VTP/build/web-mobile/**/*
2022-12-11T15:08:17.774Z - normal: Building 3D physics modules...
2022-12-11T15:08:25.515Z - normal: Compiling /Users/swift/Documents/GitHub/VTP
2022-12-11T15:08:36.305Z - normal: Start building assets
2022-12-11T15:08:36.306Z - normal: Start spawn build-worker
2022-12-11T15:08:36.792Z - normal: Finish spawn build-worker
2022-12-11T15:08:36.792Z - normal: Start init build-worker
2022-12-11T15:08:38.713Z - normal: Finish init build-worker
2022-12-11T15:08:38.713Z - normal: Start build-assets in worker
2022-12-11T15:08:41.142Z - warn: Original texture "db://assets/textures/animation/Pop up Effect.png" was already packed to Auto Atlas "assets/textures/animation/AutoAtlas.pac", but since the original texture is used directly by "db://assets/textures/animation/Pop up Effect.json", it will still be retained.
2022-12-11T15:08:41.144Z - warn: Original texture "db://assets/textures/animation/Vong Quay May Man.png" was already packed to Auto Atlas "assets/textures/animation/AutoAtlas.pac", but since the original texture is used directly by "db://assets/textures/animation/Vong Quay May Man.json", it will still be retained.
2022-12-11T15:08:41.146Z - warn: Original texture "db://assets/textures/animation/Button.png" was already packed to Auto Atlas "assets/textures/animation/AutoAtlas.pac", but since the original texture is used directly by "db://assets/textures/animation/Button.json", it will still be retained.
2022-12-11T15:08:41.147Z - warn: Original texture "db://assets/textures/animation/Confetti.png" was already packed to Auto Atlas "assets/textures/animation/AutoAtlas.pac", but since the original texture is used directly by "db://assets/textures/animation/Confetti.json", it will still be retained.
2022-12-11T15:08:41.148Z - warn: db://assets/textures/common/spin-bg.png has not been packed into AutoAtlas.
2022-12-11T15:08:41.148Z - warn: db://assets/textures/common/bg.jpg has not been packed into AutoAtlas.
2022-12-11T15:08:41.149Z - warn: db://assets/textures/Popup/common/popup-fx.png has not been packed into AutoAtlas.
2022-12-11T15:08:41.149Z - warn: db://assets/textures/Pages/PageHome/bgGameplay_day.png has not been packed into AutoAtlas.
2022-12-11T15:08:41.150Z - warn: db://assets/textures/Pages/PageHome/details_night.png has not been packed into AutoAtlas.
2022-12-11T15:08:41.151Z - warn: db://assets/textures/Pages/PageHome/details_day.png has not been packed into AutoAtlas.
2022-12-11T15:08:41.151Z - warn: db://assets/textures/Pages/PageHome/bgGameplay_night.png has not been packed into AutoAtlas.
2022-12-11T15:08:41.152Z - warn: db://assets/textures/Pages/PageHome/top_cover.png has not been packed into AutoAtlas.
2022-12-11T15:08:41.371Z - normal: Finish build-assets in worker
2022-12-11T15:08:41.405Z - normal: Finish building assets
2022-12-11T15:08:41.426Z - normal: Start building plugin scripts
2022-12-11T15:08:41.480Z - normal: Generating main.js from /Applications/CocosCreator/Creator/2.4.4/Creator/2.4.4/CocosCreator.app/Contents/Resources/static/build-templates/shares/main.js
2022-12-11T15:08:41.485Z - normal: Generating html from /Applications/CocosCreator/Creator/2.4.4/Creator/2.4.4/CocosCreator.app/Contents/Resources/static/build-templates/web-mobile/template/index.html
2022-12-11T15:08:41.640Z - normal: Built to "/Users/swift/Documents/GitHub/VTP/build/web-mobile" successfully
2022-12-11T15:19:34.605Z - normal: Start building with options : {
  "actualPlatform": "web-mobile",
  "agreements": {},
  "android": {
    "REMOTE_SERVER_ROOT": "",
    "packageName": "org.cocos2d.demo"
  },
  "android-instant": {
    "REMOTE_SERVER_ROOT": "",
    "host": "",
    "packageName": "org.cocos2d.demo",
    "pathPattern": "",
    "recordPath": "",
    "scheme": "https",
    "skipRecord": false
  },
  "apiLevel": "",
  "appABIs": [],
  "appBundle": false,
  "buildPath": "/Users/swift/Documents/GitHub/VTP/build",
  "buildScriptsOnly": false,
  "debug": false,
  "dest": "/Users/swift/Documents/GitHub/VTP/build/web-mobile",
  "embedWebDebugger": false,
  "encryptJs": true,
  "excludeScenes": [],
  "excludedModules": [
    "3D Physics/Builtin"
  ],
  "fb-instant-games": {},
  "inlineSpriteFrames": true,
  "inlineSpriteFrames_native": true,
  "ios": {
    "REMOTE_SERVER_ROOT": "",
    "ios_enable_jit": true,
    "packageName": "org.cocos2d.demo"
  },
  "mac": {
    "REMOTE_SERVER_ROOT": "",
    "height": 720,
    "packageName": "org.cocos2d.demo",
    "width": 1280
  },
  "mainCompressionType": "merge_all_json",
  "mainIsRemote": false,
  "md5Cache": true,
  "optimizeHotUpdate": false,
  "orientation": {
    "landscapeLeft": true,
    "landscapeRight": true,
    "portrait": false,
    "upsideDown": false
  },
  "packageName": "org.cocos2d.demo",
  "platform": "web-mobile",
  "previewHeight": "720",
  "previewWidth": "1280",
  "scenes": [
    "d054a05c-c593-4407-b24d-53c716205812"
  ],
  "separateEngineMode": false,
  "sourceMaps": false,
  "startScene": "d054a05c-c593-4407-b24d-53c716205812",
  "template": "link",
  "title": "viettel-post-noel-2022",
  "useDebugKeystore": true,
  "vsVersion": "auto",
  "webOrientation": "portrait",
  "win32": {
    "REMOTE_SERVER_ROOT": "",
    "height": 720,
    "width": 1280
  },
  "xxteaKey": "ac5f21bf-bed3-47",
  "zipCompressJs": true,
  "project": "/Users/swift/Documents/GitHub/VTP",
  "projectName": "viettel-post-noel-2022",
  "debugBuildWorker": false
}
2022-12-11T15:19:34.609Z - normal: Building /Users/swift/Documents/GitHub/VTP
2022-12-11T15:19:34.609Z - normal: Destination /Users/swift/Documents/GitHub/VTP/build/web-mobile
2022-12-11T15:19:34.612Z - normal: Delete /Users/swift/Documents/GitHub/VTP/build/web-mobile/**/*
2022-12-11T15:19:34.690Z - normal: Building 3D physics modules...
2022-12-11T15:19:41.482Z - normal: Compiling /Users/swift/Documents/GitHub/VTP
2022-12-11T15:19:50.697Z - normal: Start building assets
2022-12-11T15:19:50.697Z - normal: Start spawn build-worker
2022-12-11T15:19:51.080Z - normal: Finish spawn build-worker
2022-12-11T15:19:51.081Z - normal: Start init build-worker
2022-12-11T15:19:52.664Z - normal: Finish init build-worker
2022-12-11T15:19:52.664Z - normal: Start build-assets in worker
2022-12-11T15:19:54.590Z - warn: Original texture "db://assets/textures/animation/Pop up Effect.png" was already packed to Auto Atlas "assets/textures/animation/AutoAtlas.pac", but since the original texture is used directly by "db://assets/textures/animation/Pop up Effect.json", it will still be retained.
2022-12-11T15:19:54.592Z - warn: Original texture "db://assets/textures/animation/Vong Quay May Man.png" was already packed to Auto Atlas "assets/textures/animation/AutoAtlas.pac", but since the original texture is used directly by "db://assets/textures/animation/Vong Quay May Man.json", it will still be retained.
2022-12-11T15:19:54.593Z - warn: Original texture "db://assets/textures/animation/Button.png" was already packed to Auto Atlas "assets/textures/animation/AutoAtlas.pac", but since the original texture is used directly by "db://assets/textures/animation/Button.json", it will still be retained.
2022-12-11T15:19:54.593Z - warn: Original texture "db://assets/textures/animation/Confetti.png" was already packed to Auto Atlas "assets/textures/animation/AutoAtlas.pac", but since the original texture is used directly by "db://assets/textures/animation/Confetti.json", it will still be retained.
2022-12-11T15:19:54.593Z - warn: db://assets/textures/common/spin-bg.png has not been packed into AutoAtlas.
2022-12-11T15:19:54.594Z - warn: db://assets/textures/common/bg.jpg has not been packed into AutoAtlas.
2022-12-11T15:19:54.594Z - warn: db://assets/textures/Popup/common/popup-fx.png has not been packed into AutoAtlas.
2022-12-11T15:19:54.594Z - warn: db://assets/textures/Pages/PageHome/bgGameplay_day.png has not been packed into AutoAtlas.
2022-12-11T15:19:54.595Z - warn: db://assets/textures/Pages/PageHome/details_night.png has not been packed into AutoAtlas.
2022-12-11T15:19:54.595Z - warn: db://assets/textures/Pages/PageHome/details_day.png has not been packed into AutoAtlas.
2022-12-11T15:19:54.595Z - warn: db://assets/textures/Pages/PageHome/bgGameplay_night.png has not been packed into AutoAtlas.
2022-12-11T15:19:54.596Z - warn: db://assets/textures/Pages/PageHome/top_cover.png has not been packed into AutoAtlas.
2022-12-11T15:19:54.778Z - normal: Finish build-assets in worker
2022-12-11T15:19:54.827Z - normal: Finish building assets
2022-12-11T15:19:54.847Z - normal: Start building plugin scripts
2022-12-11T15:19:54.885Z - normal: Generating main.js from /Applications/CocosCreator/Creator/2.4.4/Creator/2.4.4/CocosCreator.app/Contents/Resources/static/build-templates/shares/main.js
2022-12-11T15:19:54.889Z - normal: Generating html from /Applications/CocosCreator/Creator/2.4.4/Creator/2.4.4/CocosCreator.app/Contents/Resources/static/build-templates/web-mobile/template/index.html
2022-12-11T15:19:55.023Z - normal: Built to "/Users/swift/Documents/GitHub/VTP/build/web-mobile" successfully
